<?xml version="1.0" encoding="UTF-8"?>
<!-- Generated by org.testng.reporters.JUnitReportReporter -->
<testsuite skipped="0" hostname="kishore" name="in.infosys.testcases.ebay.LoginTest" tests="1" failures="0" timestamp="25 Jun 2018 17:45:49 GMT" time="68.330" errors="0">
  <testcase name="Login_testcase" time="68.330" classname="in.infosys.testcases.ebay.LoginTest"/>
</testsuite> <!-- in.infosys.testcases.ebay.LoginTest -->
