<?xml version="1.0" encoding="UTF-8"?>
<!-- Generated by org.testng.reporters.JUnitReportReporter -->
<testsuite skipped="0" hostname="kishore" name="in.infosys.testcases.ebay.test" tests="1" failures="0" timestamp="25 Jun 2018 18:09:49 GMT" time="163.282" errors="0">
  <testcase name="ebaytest" time="163.282" classname="in.infosys.testcases.ebay.test"/>
</testsuite> <!-- in.infosys.testcases.ebay.test -->
